Using pre-set license
Built from '2020.3/staging' branch; Version is '2020.3.14f1 (d0d1bb862f9d) revision 13685179'; Using compiler version '192528614'; Build Type 'Release'
OS: 'Windows 10 Pro; OS build 19043.1110; Version 2009; 64bit' Language: 'en' Physical Memory: 8080 MB
BatchMode: 1, IsHumanControllingUs: 0, StartBugReporterOnCrash: 0, Is64bit: 1, IsPro: 0

 COMMAND LINE ARGUMENTS:
C:\Program Files\Unity\Hub\Editor\2020.3.14f1\Editor\Unity.exe
-adb2
-batchMode
-noUpm
-name
AssetImportWorker0
-projectPath
D:/OneDrive - King Mongkut’s University of Technology Thonburi (KMUTT)/Documents/GitHub/NSC2021
-logFile
Logs/AssetImportWorker0.log
-srvPort
54124
Successfully changed project path to: D:/OneDrive - King Mongkut’s University of Technology Thonburi (KMUTT)/Documents/GitHub/NSC2021
D:/OneDrive - King Mongkut’s University of Technology Thonburi (KMUTT)/Documents/GitHub/NSC2021
Using Asset Import Pipeline V2.
Refreshing native plugins compatible for Editor in 171.07 ms, found 2 plugins.
Preloading 0 native plugins for Editor in 0.00 ms.
Initialize engine version: 2020.3.14f1 (d0d1bb862f9d)
[Subsystems] Discovering subsystems at path C:/Program Files/Unity/Hub/Editor/2020.3.14f1/Editor/Data/Resources/UnitySubsystems
[Subsystems] Discovering subsystems at path D:/OneDrive - King Mongkut’s University of Technology Thonburi (KMUTT)/Documents/GitHub/NSC2021/Assets
GfxDevice: creating device client; threaded=0
Direct3D:
    Version:  Direct3D 11.0 [level 11.0]
    Renderer: NVIDIA GeForce GTX 950M (ID=0x139a)
    Vendor:   
    VRAM:     4065 MB
    Driver:   23.21.13.8857
Initialize mono
Mono path[0] = 'C:/Program Files/Unity/Hub/Editor/2020.3.14f1/Editor/Data/Managed'
Mono path[1] = 'C:/Program Files/Unity/Hub/Editor/2020.3.14f1/Editor/Data/MonoBleedingEdge/lib/mono/unityjit'
Mono config path = 'C:/Program Files/Unity/Hub/Editor/2020.3.14f1/Editor/Data/MonoBleedingEdge/etc'
Using monoOptions --debugger-agent=transport=dt_socket,embedding=1,server=y,suspend=n,address=127.0.0.1:56816
Begin MonoManager ReloadAssembly
Registering precompiled unity dll's ...
Register platform support module: C:/Program Files/Unity/Hub/Editor/2020.3.14f1/Editor/Data/PlaybackEngines/WindowsStandaloneSupport/UnityEditor.WindowsStandalone.Extensions.dll
Registered in 0.012170 seconds.
Native extension for WindowsStandalone target not found
Refreshing native plugins compatible for Editor in 92.98 ms, found 2 plugins.
Preloading 0 native plugins for Editor in 0.00 ms.
Mono: successfully reloaded assembly
- Completed reload, in  5.133 seconds
Domain Reload Profiling:
	ReloadAssembly (5133ms)
		BeginReloadAssembly (273ms)
			ExecutionOrderSort (0ms)
			DisableScriptedObjects (0ms)
			BackupInstance (0ms)
			ReleaseScriptingObjects (0ms)
			CreateAndSetChildDomain (2ms)
		EndReloadAssembly (1438ms)
			LoadAssemblies (262ms)
			RebuildTransferFunctionScriptingTraits (0ms)
			SetupTypeCache (525ms)
			ReleaseScriptCaches (0ms)
			RebuildScriptCaches (119ms)
			SetupLoadedEditorAssemblies (504ms)
				LogAssemblyErrors (0ms)
				InitializePlatformSupportModulesInManaged (14ms)
				SetLoadedEditorAssemblies (1ms)
				RefreshPlugins (93ms)
				BeforeProcessingInitializeOnLoad (19ms)
				ProcessInitializeOnLoadAttributes (282ms)
				ProcessInitializeOnLoadMethodAttributes (94ms)
				AfterProcessingInitializeOnLoad (0ms)
				EditorAssembliesLoaded (0ms)
			ExecutionOrderSort2 (0ms)
			AwakeInstancesAfterBackupRestoration (0ms)
Platform modules already initialized, skipping
Registering precompiled user dll's ...
Registered in 0.019905 seconds.
Begin MonoManager ReloadAssembly
Native extension for WindowsStandalone target not found
Refreshing native plugins compatible for Editor in 1.00 ms, found 2 plugins.
Preloading 0 native plugins for Editor in 0.00 ms.
Mono: successfully reloaded assembly
- Completed reload, in  5.067 seconds
Domain Reload Profiling:
	ReloadAssembly (5071ms)
		BeginReloadAssembly (755ms)
			ExecutionOrderSort (0ms)
			DisableScriptedObjects (11ms)
			BackupInstance (0ms)
			ReleaseScriptingObjects (0ms)
			CreateAndSetChildDomain (72ms)
		EndReloadAssembly (3654ms)
			LoadAssemblies (647ms)
			RebuildTransferFunctionScriptingTraits (0ms)
			SetupTypeCache (1040ms)
			ReleaseScriptCaches (1ms)
			RebuildScriptCaches (310ms)
			SetupLoadedEditorAssemblies (1329ms)
				LogAssemblyErrors (0ms)
				InitializePlatformSupportModulesInManaged (15ms)
				SetLoadedEditorAssemblies (2ms)
				RefreshPlugins (1ms)
				BeforeProcessingInitializeOnLoad (214ms)
				ProcessInitializeOnLoadAttributes (1022ms)
				ProcessInitializeOnLoadMethodAttributes (21ms)
				AfterProcessingInitializeOnLoad (52ms)
				EditorAssembliesLoaded (2ms)
			ExecutionOrderSort2 (0ms)
			AwakeInstancesAfterBackupRestoration (31ms)
Platform modules already initialized, skipping
========================================================================
Worker process is ready to serve import requests
Launched and connected shader compiler UnityShaderCompiler.exe after 0.20 seconds
Refreshing native plugins compatible for Editor in 0.77 ms, found 2 plugins.
Preloading 0 native plugins for Editor in 0.00 ms.
Unloading 1400 Unused Serialized files (Serialized files now loaded: 0)
System memory in use before: 65.5 MB.
System memory in use after: 65.5 MB.

Unloading 18 unused Assets to reduce memory usage. Loaded Objects now: 1835.
Total: 4.678900 ms (FindLiveObjects: 0.264400 ms CreateObjectMapping: 0.119500 ms MarkObjects: 4.158300 ms  DeleteObjects: 0.134300 ms)

AssetImportParameters requested are different than current active one (requested -> active):
  custom:framework-win-MediaFoundation: 216162199b28c13a410421893ffa2e32 -> 
  custom:video-decoder-ogg-theora: a1e56fd34408186e4bbccfd4996cb3dc -> 
  custom:container-muxer-webm: aa71ff27fc2769a1b78a27578f13a17b -> 
  custom:container-demuxer-webm: 4f35f7cbe854078d1ac9338744f61a02 -> 
  custom:container-demuxer-ogg: 62fdf1f143b41e24485cea50d1cbac27 -> 
  custom:video-encoder-webm-vp8: eb34c28f22e8b96e1ab97ce403110664 -> 
  custom:video-decoder-webm-vp8: 9c59270c3fd7afecdb556c50c9e8de78 -> 
  custom:audio-decoder-ogg-vorbis: bf7c407c2cedff20999df2af8eb42d56 -> 
  custom:audio-encoder-webm-vorbis: bf7c407c2cedff20999df2af8eb42d56 -> 
========================================================================
Received Import Request.
  path: Assets/Jojoe/Scenes/TestMeleeAttack.unity
  artifactKey: Guid(eacab4e6eefeec24eab68126ecf28e6d) Importer(815301076,1909f56bfc062723c751e8b465ee728b)
Start importing Assets/Jojoe/Scenes/TestMeleeAttack.unity using Guid(eacab4e6eefeec24eab68126ecf28e6d) Importer(815301076,1909f56bfc062723c751e8b465ee728b)  -> (artifact id: 'ab4598db6fbf3eba82576d20b78114bf') in 0.032247 seconds 
  Import took 0.042651 seconds .

========================================================================
Received Import Request.
  Time since last request: 0.000696 seconds.
  path: Assets/Jojoe/Script
  artifactKey: Guid(d6f7fccdb31a4334a8cac7961b6b7d7b) Importer(815301076,1909f56bfc062723c751e8b465ee728b)
Start importing Assets/Jojoe/Script using Guid(d6f7fccdb31a4334a8cac7961b6b7d7b) Importer(815301076,1909f56bfc062723c751e8b465ee728b)  -> (artifact id: '6136cc72ab7ff51506fbc39ae3e3029d') in 0.010601 seconds 
  Import took 0.049894 seconds .

========================================================================
Received Import Request.
  Time since last request: 167.061154 seconds.
  path: Assets/Jojoe/Prefab/Bullet.prefab
  artifactKey: Guid(37b9eaae0ca5ec141a8207e347aa7657) Importer(815301076,1909f56bfc062723c751e8b465ee728b)
Start importing Assets/Jojoe/Prefab/Bullet.prefab using Guid(37b9eaae0ca5ec141a8207e347aa7657) Importer(815301076,1909f56bfc062723c751e8b465ee728b)  -> (artifact id: '7057267567675e476562da71b9ddf0e9') in 1.060825 seconds 
  Import took 1.081860 seconds .

========================================================================
Received Import Request.
  Time since last request: 0.001344 seconds.
  path: Assets/Jojoe/Prefab/HealthBar.prefab
  artifactKey: Guid(57999f7afe268a54f94b6de798364b6f) Importer(815301076,1909f56bfc062723c751e8b465ee728b)
Start importing Assets/Jojoe/Prefab/HealthBar.prefab using Guid(57999f7afe268a54f94b6de798364b6f) Importer(815301076,1909f56bfc062723c751e8b465ee728b)  -> (artifact id: '7c4bec0264cefa91bd9dc8f3f65d9545') in 0.158019 seconds 
  Import took 0.186705 seconds .

========================================================================
Received Import Request.
  Time since last request: 0.003810 seconds.
  path: Assets/Jojoe/Prefab/Enemy.prefab
  artifactKey: Guid(db97288a66483424f84cada803e54dea) Importer(815301076,1909f56bfc062723c751e8b465ee728b)
Start importing Assets/Jojoe/Prefab/Enemy.prefab using Guid(db97288a66483424f84cada803e54dea) Importer(815301076,1909f56bfc062723c751e8b465ee728b)  -> (artifact id: 'e60e8f7cd3482b5d4f0a6d90328f8072') in 0.077358 seconds 
  Import took 0.102412 seconds .

========================================================================
Received Import Request.
  Time since last request: 0.001778 seconds.
  path: Assets/Jojoe/Prefab/Wall.prefab
  artifactKey: Guid(eab9af42d8f12264ba0eaf3f52292e4f) Importer(815301076,1909f56bfc062723c751e8b465ee728b)
Start importing Assets/Jojoe/Prefab/Wall.prefab using Guid(eab9af42d8f12264ba0eaf3f52292e4f) Importer(815301076,1909f56bfc062723c751e8b465ee728b)  -> (artifact id: '52a326b7dd5ea07bf9f57359d425c098') in 0.087250 seconds 
  Import took 0.104601 seconds .

========================================================================
Received Import Request.
  Time since last request: 0.001765 seconds.
  path: Assets/Jojoe/Prefab/Player.prefab
  artifactKey: Guid(6b13528dbef47d84f966a231920260b7) Importer(815301076,1909f56bfc062723c751e8b465ee728b)
Start importing Assets/Jojoe/Prefab/Player.prefab using Guid(6b13528dbef47d84f966a231920260b7) Importer(815301076,1909f56bfc062723c751e8b465ee728b)  -> (artifact id: '5dfd1042912b8fbcb02e4feeea55717a') in 0.047078 seconds 
  Import took 0.065000 seconds .

========================================================================
Received Import Request.
  Time since last request: 0.001599 seconds.
  path: Assets/Jojoe/Prefab/Player 1.prefab
  artifactKey: Guid(65f283efd052a0747928d093b163b768) Importer(815301076,1909f56bfc062723c751e8b465ee728b)
Start importing Assets/Jojoe/Prefab/Player 1.prefab using Guid(65f283efd052a0747928d093b163b768) Importer(815301076,1909f56bfc062723c751e8b465ee728b)  -> (artifact id: 'ea7e953c712a2b6634733adeccd7cab5') in 0.060259 seconds 
  Import took 0.087028 seconds .

========================================================================
Received Import Request.
  Time since last request: 0.000887 seconds.
  path: Assets/Jojoe/Prefab/Ground.prefab
  artifactKey: Guid(0bfa888084ce07e4cb4e5b7d961654cc) Importer(815301076,1909f56bfc062723c751e8b465ee728b)
Start importing Assets/Jojoe/Prefab/Ground.prefab using Guid(0bfa888084ce07e4cb4e5b7d961654cc) Importer(815301076,1909f56bfc062723c751e8b465ee728b)  -> (artifact id: 'afd0ea8a8b39b24a517c56ec56236ebc') in 0.103978 seconds 
  Import took 0.127804 seconds .

========================================================================
Received Prepare
Registering precompiled user dll's ...
Registered in 0.117975 seconds.
Begin MonoManager ReloadAssembly
Native extension for WindowsStandalone target not found
Refreshing native plugins compatible for Editor in 1.07 ms, found 2 plugins.
Preloading 0 native plugins for Editor in 0.00 ms.
Mono: successfully reloaded assembly
- Completed reload, in  7.867 seconds
Domain Reload Profiling:
	ReloadAssembly (7868ms)
		BeginReloadAssembly (855ms)
			ExecutionOrderSort (0ms)
			DisableScriptedObjects (28ms)
			BackupInstance (0ms)
			ReleaseScriptingObjects (1ms)
			CreateAndSetChildDomain (179ms)
		EndReloadAssembly (6661ms)
			LoadAssemblies (717ms)
			RebuildTransferFunctionScriptingTraits (0ms)
			SetupTypeCache (2569ms)
			ReleaseScriptCaches (40ms)
			RebuildScriptCaches (353ms)
			SetupLoadedEditorAssemblies (2195ms)
				LogAssemblyErrors (0ms)
				InitializePlatformSupportModulesInManaged (22ms)
				SetLoadedEditorAssemblies (3ms)
				RefreshPlugins (1ms)
				BeforeProcessingInitializeOnLoad (353ms)
				ProcessInitializeOnLoadAttributes (1744ms)
				ProcessInitializeOnLoadMethodAttributes (17ms)
				AfterProcessingInitializeOnLoad (53ms)
				EditorAssembliesLoaded (2ms)
			ExecutionOrderSort2 (0ms)
			AwakeInstancesAfterBackupRestoration (35ms)
Platform modules already initialized, skipping
Refreshing native plugins compatible for Editor in 2.49 ms, found 2 plugins.
Preloading 0 native plugins for Editor in 0.00 ms.
Unloading 1394 Unused Serialized files (Serialized files now loaded: 0)
System memory in use before: 68.5 MB.
System memory in use after: 68.6 MB.

Unloading 14 unused Assets to reduce memory usage. Loaded Objects now: 1850.
Total: 7.843200 ms (FindLiveObjects: 1.084400 ms CreateObjectMapping: 0.419900 ms MarkObjects: 6.249400 ms  DeleteObjects: 0.085000 ms)

AssetImportParameters requested are different than current active one (requested -> active):
  custom:framework-win-MediaFoundation: 216162199b28c13a410421893ffa2e32 -> 
  custom:video-decoder-ogg-theora: a1e56fd34408186e4bbccfd4996cb3dc -> 
  custom:container-muxer-webm: aa71ff27fc2769a1b78a27578f13a17b -> 
  custom:container-demuxer-webm: 4f35f7cbe854078d1ac9338744f61a02 -> 
  custom:container-demuxer-ogg: 62fdf1f143b41e24485cea50d1cbac27 -> 
  custom:video-encoder-webm-vp8: eb34c28f22e8b96e1ab97ce403110664 -> 
  custom:video-decoder-webm-vp8: 9c59270c3fd7afecdb556c50c9e8de78 -> 
  custom:audio-decoder-ogg-vorbis: bf7c407c2cedff20999df2af8eb42d56 -> 
  custom:audio-encoder-webm-vorbis: bf7c407c2cedff20999df2af8eb42d56 -> 
AssetImportWorkerClient::OnTransportError - code=2 error=End of file
