Using pre-set license
Built from '2020.3/staging' branch; Version is '2020.3.13f1 (71691879b7f5) revision 7432472'; Using compiler version '192528614'; Build Type 'Release'
OS: 'Windows 10 Home Single Language; OS build 19042.1110; Version 2009; 64bit' Language: 'en' Physical Memory: 16174 MB
BatchMode: 1, IsHumanControllingUs: 0, StartBugReporterOnCrash: 0, Is64bit: 1, IsPro: 0

 COMMAND LINE ARGUMENTS:
C:\Program Files\Unity\Hub\Editor\2020.3.13f1\Editor\Unity.exe
-adb2
-batchMode
-noUpm
-name
AssetImportWorker0
-projectPath
C:/Users/game_/OneDrive/Desktop/NSC2021
-logFile
Logs/AssetImportWorker0.log
-srvPort
65430
Successfully changed project path to: C:/Users/game_/OneDrive/Desktop/NSC2021
C:/Users/game_/OneDrive/Desktop/NSC2021
Using Asset Import Pipeline V2.
Refreshing native plugins compatible for Editor in 82.86 ms, found 2 plugins.
Preloading 0 native plugins for Editor in 0.00 ms.
Initialize engine version: 2020.3.13f1 (71691879b7f5)
[Subsystems] Discovering subsystems at path C:/Program Files/Unity/Hub/Editor/2020.3.13f1/Editor/Data/Resources/UnitySubsystems
[Subsystems] Discovering subsystems at path C:/Users/game_/OneDrive/Desktop/NSC2021/Assets
GfxDevice: creating device client; threaded=0
Direct3D:
    Version:  Direct3D 11.0 [level 11.1]
    Renderer: NVIDIA GeForce RTX 2070 with Max-Q Design (ID=0x1f10)
    Vendor:   
    VRAM:     8031 MB
    Driver:   27.21.14.6677
Initialize mono
Mono path[0] = 'C:/Program Files/Unity/Hub/Editor/2020.3.13f1/Editor/Data/Managed'
Mono path[1] = 'C:/Program Files/Unity/Hub/Editor/2020.3.13f1/Editor/Data/MonoBleedingEdge/lib/mono/unityjit'
Mono config path = 'C:/Program Files/Unity/Hub/Editor/2020.3.13f1/Editor/Data/MonoBleedingEdge/etc'
Using monoOptions --debugger-agent=transport=dt_socket,embedding=1,server=y,suspend=n,address=127.0.0.1:56964
Begin MonoManager ReloadAssembly
Registering precompiled unity dll's ...
Register platform support module: C:/Program Files/Unity/Hub/Editor/2020.3.13f1/Editor/Data/PlaybackEngines/WindowsStandaloneSupport/UnityEditor.WindowsStandalone.Extensions.dll
Registered in 0.006107 seconds.
Native extension for WindowsStandalone target not found
Refreshing native plugins compatible for Editor in 69.28 ms, found 2 plugins.
Preloading 0 native plugins for Editor in 0.00 ms.
Mono: successfully reloaded assembly
- Completed reload, in  2.404 seconds
Platform modules already initialized, skipping
Registering precompiled user dll's ...
Registered in 0.012620 seconds.
Begin MonoManager ReloadAssembly
Native extension for WindowsStandalone target not found
Refreshing native plugins compatible for Editor in 0.45 ms, found 2 plugins.
Preloading 0 native plugins for Editor in 0.00 ms.
Mono: successfully reloaded assembly
- Completed reload, in  2.136 seconds
Platform modules already initialized, skipping
========================================================================
Worker process is ready to serve import requests
Launched and connected shader compiler UnityShaderCompiler.exe after 0.12 seconds
Refreshing native plugins compatible for Editor in 1.50 ms, found 2 plugins.
Preloading 0 native plugins for Editor in 0.00 ms.
Unloading 1394 Unused Serialized files (Serialized files now loaded: 0)
System memory in use before: 64.9 MB.
System memory in use after: 64.9 MB.

Unloading 19 unused Assets to reduce memory usage. Loaded Objects now: 1827.
Total: 4.403000 ms (FindLiveObjects: 0.460500 ms CreateObjectMapping: 0.133800 ms MarkObjects: 3.665600 ms  DeleteObjects: 0.139300 ms)

AssetImportParameters requested are different than current active one (requested -> active):
  custom:framework-win-MediaFoundation: 216162199b28c13a410421893ffa2e32 -> 
  custom:video-decoder-ogg-theora: a1e56fd34408186e4bbccfd4996cb3dc -> 
  custom:container-muxer-webm: aa71ff27fc2769a1b78a27578f13a17b -> 
  custom:container-demuxer-webm: 4f35f7cbe854078d1ac9338744f61a02 -> 
  custom:container-demuxer-ogg: 62fdf1f143b41e24485cea50d1cbac27 -> 
  custom:video-encoder-webm-vp8: eb34c28f22e8b96e1ab97ce403110664 -> 
  custom:video-codec-MediaFoundation-h265: 746d11721c4dcdbdad8f713fa42b33f4 -> 
  custom:video-decoder-webm-vp8: 9c59270c3fd7afecdb556c50c9e8de78 -> 
  custom:audio-decoder-ogg-vorbis: bf7c407c2cedff20999df2af8eb42d56 -> 
  custom:audio-encoder-webm-vorbis: bf7c407c2cedff20999df2af8eb42d56 -> 
========================================================================
Received Import Request.
  path: Assets/Prefab/Enemy.prefab
  artifactKey: Guid(db97288a66483424f84cada803e54dea) Importer(815301076,1909f56bfc062723c751e8b465ee728b)
Start importing Assets/Prefab/Enemy.prefab using Guid(db97288a66483424f84cada803e54dea) Importer(815301076,1909f56bfc062723c751e8b465ee728b)  -> (artifact id: '88620bbbee44dd532cdf7ff72f0fb001') in 0.261574 seconds 
  Import took 0.266173 seconds .

========================================================================
Received Import Request.
  Time since last request: 0.000337 seconds.
  path: Assets/Prefab/Player.prefab
  artifactKey: Guid(6b13528dbef47d84f966a231920260b7) Importer(815301076,1909f56bfc062723c751e8b465ee728b)
Start importing Assets/Prefab/Player.prefab using Guid(6b13528dbef47d84f966a231920260b7) Importer(815301076,1909f56bfc062723c751e8b465ee728b)  -> (artifact id: '5dfd1042912b8fbcb02e4feeea55717a') in 0.283682 seconds 
  Import took 0.288183 seconds .

========================================================================
Received Import Request.
  Time since last request: 0.000485 seconds.
  path: Assets/Prefab/Player 1.prefab
  artifactKey: Guid(65f283efd052a0747928d093b163b768) Importer(815301076,1909f56bfc062723c751e8b465ee728b)
Start importing Assets/Prefab/Player 1.prefab using Guid(65f283efd052a0747928d093b163b768) Importer(815301076,1909f56bfc062723c751e8b465ee728b)  -> (artifact id: 'ea7e953c712a2b6634733adeccd7cab5') in 0.052827 seconds 
  Import took 0.057712 seconds .

========================================================================
Received Import Request.
  Time since last request: 0.000359 seconds.
  path: Assets/Prefab/Ground.prefab
  artifactKey: Guid(0bfa888084ce07e4cb4e5b7d961654cc) Importer(815301076,1909f56bfc062723c751e8b465ee728b)
Start importing Assets/Prefab/Ground.prefab using Guid(0bfa888084ce07e4cb4e5b7d961654cc) Importer(815301076,1909f56bfc062723c751e8b465ee728b)  -> (artifact id: 'afd0ea8a8b39b24a517c56ec56236ebc') in 0.046800 seconds 
  Import took 0.051438 seconds .

========================================================================
Received Import Request.
  Time since last request: 48.310754 seconds.
  path: Assets/Script
  artifactKey: Guid(d6f7fccdb31a4334a8cac7961b6b7d7b) Importer(815301076,1909f56bfc062723c751e8b465ee728b)
Start importing Assets/Script using Guid(d6f7fccdb31a4334a8cac7961b6b7d7b) Importer(815301076,1909f56bfc062723c751e8b465ee728b)  -> (artifact id: 'd70afa99723d9c7d32fa8e4ff9a4a8f7') in 0.020155 seconds 
  Import took 0.024821 seconds .

========================================================================
Received Import Request.
  Time since last request: 3.652440 seconds.
  path: Assets/Script/PlayerAttack.cs
  artifactKey: Guid(acd81dec987c89348bec25717eb507a8) Importer(815301076,1909f56bfc062723c751e8b465ee728b)
Start importing Assets/Script/PlayerAttack.cs using Guid(acd81dec987c89348bec25717eb507a8) Importer(815301076,1909f56bfc062723c751e8b465ee728b)  -> (artifact id: '3b792e8d2c132dc95054f4fe374e7612') in 0.033617 seconds 
  Import took 0.039348 seconds .

========================================================================
Received Import Request.
  Time since last request: 3.378320 seconds.
  path: Assets/Animation
  artifactKey: Guid(354747751ed97b74ebc7eb29c9b0b90c) Importer(815301076,1909f56bfc062723c751e8b465ee728b)
Start importing Assets/Animation using Guid(354747751ed97b74ebc7eb29c9b0b90c) Importer(815301076,1909f56bfc062723c751e8b465ee728b)  -> (artifact id: 'dcaeaddbcf630e3df793e54e7f44d293') in 0.020221 seconds 
  Import took 0.025913 seconds .

========================================================================
Received Import Request.
  Time since last request: 0.001810 seconds.
  path: Assets/Animation
  artifactKey: Guid(354747751ed97b74ebc7eb29c9b0b90c) Importer(815301076,1909f56bfc062723c751e8b465ee728b)
Start importing Assets/Animation using Guid(354747751ed97b74ebc7eb29c9b0b90c) Importer(815301076,1909f56bfc062723c751e8b465ee728b)  -> (artifact id: 'dcaeaddbcf630e3df793e54e7f44d293') in 0.006541 seconds 
  Import took 0.012200 seconds .

========================================================================
Received Import Request.
  Time since last request: 2.155508 seconds.
  path: Assets/Prefab
  artifactKey: Guid(f0711504354a51445866e3a402aeae6d) Importer(815301076,1909f56bfc062723c751e8b465ee728b)
Start importing Assets/Prefab using Guid(f0711504354a51445866e3a402aeae6d) Importer(815301076,1909f56bfc062723c751e8b465ee728b)  -> (artifact id: '52a400beecc5ad48cdf31d2f7f2f6c92') in 0.017233 seconds 
  Import took 0.023090 seconds .

========================================================================
Received Import Request.
  Time since last request: 0.181904 seconds.
  path: Assets/Material
  artifactKey: Guid(02335a3efd076f242b63edaaa77b4418) Importer(815301076,1909f56bfc062723c751e8b465ee728b)
Start importing Assets/Material using Guid(02335a3efd076f242b63edaaa77b4418) Importer(815301076,1909f56bfc062723c751e8b465ee728b)  -> (artifact id: 'c1f53a4d8675648e31ce8254a3301d74') in 0.018619 seconds 
  Import took 0.023846 seconds .

========================================================================
Received Import Request.
  Time since last request: 0.030292 seconds.
  path: Assets/Material/Ground.mat
  artifactKey: Guid(fc789df3e1794fc4eb323fe159057b41) Importer(815301076,1909f56bfc062723c751e8b465ee728b)
Start importing Assets/Material/Ground.mat using Guid(fc789df3e1794fc4eb323fe159057b41) Importer(815301076,1909f56bfc062723c751e8b465ee728b)  -> (artifact id: '0182ba083f89edb945c4fbbd2b51bc86') in 0.058055 seconds 
  Import took 0.062718 seconds .

========================================================================
Received Import Request.
  Time since last request: 0.000357 seconds.
  path: Assets/Material/Target.mat
  artifactKey: Guid(ae3f93de451b5ef4b9de1d30258273b1) Importer(815301076,1909f56bfc062723c751e8b465ee728b)
Start importing Assets/Material/Target.mat using Guid(ae3f93de451b5ef4b9de1d30258273b1) Importer(815301076,1909f56bfc062723c751e8b465ee728b)  -> (artifact id: 'dedb4fa5b39e27b276d9f86d935adad7') in 0.027745 seconds 
  Import took 0.032757 seconds .

========================================================================
Received Import Request.
  Time since last request: 0.000387 seconds.
  path: Assets/Material/PlayerColor.mat
  artifactKey: Guid(617420e393ee3e84ab037ad2d691fe6b) Importer(815301076,1909f56bfc062723c751e8b465ee728b)
Start importing Assets/Material/PlayerColor.mat using Guid(617420e393ee3e84ab037ad2d691fe6b) Importer(815301076,1909f56bfc062723c751e8b465ee728b)  -> (artifact id: 'ae893a8cf04947e46a615c9b9027814a') in 0.034074 seconds 
  Import took 0.039286 seconds .

========================================================================
Received Import Request.
  Time since last request: 1.746635 seconds.
  path: Assets/Scenes
  artifactKey: Guid(3c96ad2a3f34a3743b44949cd50c915d) Importer(815301076,1909f56bfc062723c751e8b465ee728b)
Start importing Assets/Scenes using Guid(3c96ad2a3f34a3743b44949cd50c915d) Importer(815301076,1909f56bfc062723c751e8b465ee728b)  -> (artifact id: '74e769243df8e7d28d5caad642b09c89') in 0.018591 seconds 
  Import took 0.023595 seconds .

========================================================================
Received Import Request.
  Time since last request: 1.907453 seconds.
  path: Assets
  artifactKey: Guid(00000000000000001000000000000000) Importer(815301076,1909f56bfc062723c751e8b465ee728b)
Start importing Assets using Guid(00000000000000001000000000000000) Importer(815301076,1909f56bfc062723c751e8b465ee728b)  -> (artifact id: '42d402b061de3733987d63b9cc3b64de') in 0.017384 seconds 
  Import took 0.022299 seconds .

========================================================================
Received Import Request.
  Time since last request: 3.474999 seconds.
  path: Assets/Scenes/Pat
  artifactKey: Guid(3c65a1f0a611c5145906beaca1c61c60) Importer(815301076,1909f56bfc062723c751e8b465ee728b)
Start importing Assets/Scenes/Pat using Guid(3c65a1f0a611c5145906beaca1c61c60) Importer(815301076,1909f56bfc062723c751e8b465ee728b)  -> (artifact id: '062a8cbb62e5e7c4ffc584a7f362bf1e') in 0.020632 seconds 
  Import took 0.026404 seconds .

========================================================================
Received Import Request.
  Time since last request: 0.001042 seconds.
  path: Assets/Scenes/Pat
  artifactKey: Guid(3c65a1f0a611c5145906beaca1c61c60) Importer(815301076,1909f56bfc062723c751e8b465ee728b)
Start importing Assets/Scenes/Pat using Guid(3c65a1f0a611c5145906beaca1c61c60) Importer(815301076,1909f56bfc062723c751e8b465ee728b)  -> (artifact id: '062a8cbb62e5e7c4ffc584a7f362bf1e') in 0.006638 seconds 
  Import took 0.013238 seconds .

========================================================================
Received Import Request.
  Time since last request: 0.303997 seconds.
  path: Assets/Scenes/Jojoe
  artifactKey: Guid(6e49e6976ddea244a8d22082d26aa4c2) Importer(815301076,1909f56bfc062723c751e8b465ee728b)
Start importing Assets/Scenes/Jojoe using Guid(6e49e6976ddea244a8d22082d26aa4c2) Importer(815301076,1909f56bfc062723c751e8b465ee728b)  -> (artifact id: 'a76ae9ab92fea88600d4ad5b07a02972') in 0.019587 seconds 
  Import took 0.025073 seconds .

========================================================================
Received Import Request.
  Time since last request: 2.298978 seconds.
  path: Assets/Scenes/Cute
  artifactKey: Guid(f8b90d36bc781944f91f1455567369df) Importer(815301076,1909f56bfc062723c751e8b465ee728b)
Start importing Assets/Scenes/Cute using Guid(f8b90d36bc781944f91f1455567369df) Importer(815301076,1909f56bfc062723c751e8b465ee728b)  -> (artifact id: 'adbb9d4e6fbf6aabca41b06713bdb3f1') in 0.028710 seconds 
  Import took 0.037286 seconds .

========================================================================
Received Import Request.
  Time since last request: 0.001987 seconds.
  path: Assets/Scenes/Cute
  artifactKey: Guid(f8b90d36bc781944f91f1455567369df) Importer(815301076,1909f56bfc062723c751e8b465ee728b)
Start importing Assets/Scenes/Cute using Guid(f8b90d36bc781944f91f1455567369df) Importer(815301076,1909f56bfc062723c751e8b465ee728b)  -> (artifact id: 'adbb9d4e6fbf6aabca41b06713bdb3f1') in 0.007075 seconds 
  Import took 0.012602 seconds .

========================================================================
Received Import Request.
  Time since last request: 3.685720 seconds.
  path: Assets/Scenes/Test
  artifactKey: Guid(3e80f1d7cfcf71e4a941bd044c899e66) Importer(815301076,1909f56bfc062723c751e8b465ee728b)
Start importing Assets/Scenes/Test using Guid(3e80f1d7cfcf71e4a941bd044c899e66) Importer(815301076,1909f56bfc062723c751e8b465ee728b)  -> (artifact id: '5d9d32347586ed8c90ea161245617fea') in 0.014029 seconds 
  Import took 0.019283 seconds .

========================================================================
Received Prepare
Registering precompiled user dll's ...
Registered in 0.013717 seconds.
Begin MonoManager ReloadAssembly
Native extension for WindowsStandalone target not found
Refreshing native plugins compatible for Editor in 0.45 ms, found 2 plugins.
Preloading 0 native plugins for Editor in 0.00 ms.
Mono: successfully reloaded assembly
- Completed reload, in  2.111 seconds
Platform modules already initialized, skipping
Refreshing native plugins compatible for Editor in 0.58 ms, found 2 plugins.
Preloading 0 native plugins for Editor in 0.00 ms.
Unloading 1389 Unused Serialized files (Serialized files now loaded: 0)
System memory in use before: 68.2 MB.
System memory in use after: 68.3 MB.

Unloading 14 unused Assets to reduce memory usage. Loaded Objects now: 1874.
Total: 3.168200 ms (FindLiveObjects: 0.324700 ms CreateObjectMapping: 0.086400 ms MarkObjects: 2.679600 ms  DeleteObjects: 0.075600 ms)

AssetImportParameters requested are different than current active one (requested -> active):
  custom:framework-win-MediaFoundation: 216162199b28c13a410421893ffa2e32 -> 
  custom:video-decoder-ogg-theora: a1e56fd34408186e4bbccfd4996cb3dc -> 
  custom:container-muxer-webm: aa71ff27fc2769a1b78a27578f13a17b -> 
  custom:container-demuxer-webm: 4f35f7cbe854078d1ac9338744f61a02 -> 
  custom:container-demuxer-ogg: 62fdf1f143b41e24485cea50d1cbac27 -> 
  custom:video-encoder-webm-vp8: eb34c28f22e8b96e1ab97ce403110664 -> 
  custom:video-codec-MediaFoundation-h265: 746d11721c4dcdbdad8f713fa42b33f4 -> 
  custom:video-decoder-webm-vp8: 9c59270c3fd7afecdb556c50c9e8de78 -> 
  custom:audio-decoder-ogg-vorbis: bf7c407c2cedff20999df2af8eb42d56 -> 
  custom:audio-encoder-webm-vorbis: bf7c407c2cedff20999df2af8eb42d56 -> 
========================================================================
Received Prepare
Registering precompiled user dll's ...
Registered in 0.014247 seconds.
Begin MonoManager ReloadAssembly
Native extension for WindowsStandalone target not found
Refreshing native plugins compatible for Editor in 0.55 ms, found 2 plugins.
Preloading 0 native plugins for Editor in 0.00 ms.
Mono: successfully reloaded assembly
- Completed reload, in  2.113 seconds
Platform modules already initialized, skipping
Refreshing native plugins compatible for Editor in 0.51 ms, found 2 plugins.
Preloading 0 native plugins for Editor in 0.00 ms.
Unloading 1389 Unused Serialized files (Serialized files now loaded: 0)
System memory in use before: 68.3 MB.
System memory in use after: 68.3 MB.

Unloading 14 unused Assets to reduce memory usage. Loaded Objects now: 1877.
Total: 3.186800 ms (FindLiveObjects: 0.216700 ms CreateObjectMapping: 0.071500 ms MarkObjects: 2.815900 ms  DeleteObjects: 0.081000 ms)

AssetImportParameters requested are different than current active one (requested -> active):
  custom:framework-win-MediaFoundation: 216162199b28c13a410421893ffa2e32 -> 
  custom:video-decoder-ogg-theora: a1e56fd34408186e4bbccfd4996cb3dc -> 
  custom:container-muxer-webm: aa71ff27fc2769a1b78a27578f13a17b -> 
  custom:container-demuxer-webm: 4f35f7cbe854078d1ac9338744f61a02 -> 
  custom:container-demuxer-ogg: 62fdf1f143b41e24485cea50d1cbac27 -> 
  custom:video-encoder-webm-vp8: eb34c28f22e8b96e1ab97ce403110664 -> 
  custom:video-codec-MediaFoundation-h265: 746d11721c4dcdbdad8f713fa42b33f4 -> 
  custom:video-decoder-webm-vp8: 9c59270c3fd7afecdb556c50c9e8de78 -> 
  custom:audio-decoder-ogg-vorbis: bf7c407c2cedff20999df2af8eb42d56 -> 
  custom:audio-encoder-webm-vorbis: bf7c407c2cedff20999df2af8eb42d56 -> 
========================================================================
Received Prepare
Registering precompiled user dll's ...
Registered in 0.011696 seconds.
Begin MonoManager ReloadAssembly
Native extension for WindowsStandalone target not found
Refreshing native plugins compatible for Editor in 0.49 ms, found 2 plugins.
Preloading 0 native plugins for Editor in 0.00 ms.
Mono: successfully reloaded assembly
- Completed reload, in  2.159 seconds
Platform modules already initialized, skipping
Refreshing native plugins compatible for Editor in 0.44 ms, found 2 plugins.
Preloading 0 native plugins for Editor in 0.00 ms.
Unloading 1389 Unused Serialized files (Serialized files now loaded: 0)
System memory in use before: 68.3 MB.
System memory in use after: 68.4 MB.

Unloading 14 unused Assets to reduce memory usage. Loaded Objects now: 1880.
Total: 3.347600 ms (FindLiveObjects: 0.216300 ms CreateObjectMapping: 0.076600 ms MarkObjects: 2.973600 ms  DeleteObjects: 0.079300 ms)

AssetImportParameters requested are different than current active one (requested -> active):
  custom:framework-win-MediaFoundation: 216162199b28c13a410421893ffa2e32 -> 
  custom:video-decoder-ogg-theora: a1e56fd34408186e4bbccfd4996cb3dc -> 
  custom:container-muxer-webm: aa71ff27fc2769a1b78a27578f13a17b -> 
  custom:container-demuxer-webm: 4f35f7cbe854078d1ac9338744f61a02 -> 
  custom:container-demuxer-ogg: 62fdf1f143b41e24485cea50d1cbac27 -> 
  custom:video-encoder-webm-vp8: eb34c28f22e8b96e1ab97ce403110664 -> 
  custom:video-codec-MediaFoundation-h265: 746d11721c4dcdbdad8f713fa42b33f4 -> 
  custom:video-decoder-webm-vp8: 9c59270c3fd7afecdb556c50c9e8de78 -> 
  custom:audio-decoder-ogg-vorbis: bf7c407c2cedff20999df2af8eb42d56 -> 
  custom:audio-encoder-webm-vorbis: bf7c407c2cedff20999df2af8eb42d56 -> 
